Started GET "/" for 127.0.0.1 at 2017-06-12 10:53:51 +0200
Processing by Rails::WelcomeController#index as HTML
  Parameters: {"internal"=>true}
  Rendering /Users/Wolf/.rbenv/versions/2.4.0/lib/ruby/gems/2.4.0/gems/railties-5.0.3/lib/rails/templates/rails/welcome/index.html.erb
  Rendered /Users/Wolf/.rbenv/versions/2.4.0/lib/ruby/gems/2.4.0/gems/railties-5.0.3/lib/rails/templates/rails/welcome/index.html.erb (6.3ms)
Completed 200 OK in 71ms (Views: 31.4ms | ActiveRecord: 0.0ms)


Started GET "/" for 127.0.0.1 at 2017-06-13 09:22:38 +0200
Processing by Rails::WelcomeController#index as HTML
  Parameters: {"internal"=>true}
  Rendering /Users/Wolf/.rbenv/versions/2.4.0/lib/ruby/gems/2.4.0/gems/railties-5.0.3/lib/rails/templates/rails/welcome/index.html.erb
  Rendered /Users/Wolf/.rbenv/versions/2.4.0/lib/ruby/gems/2.4.0/gems/railties-5.0.3/lib/rails/templates/rails/welcome/index.html.erb (4.5ms)
Completed 200 OK in 55ms (Views: 15.4ms | ActiveRecord: 0.0ms)


Started GET "/" for 127.0.0.1 at 2017-06-13 11:02:44 +0200
Processing by ApplicationController#hello as HTML
  Rendering html template
  Rendered html template (0.0ms)
Completed 200 OK in 31ms (Views: 30.1ms | ActiveRecord: 0.0ms)


Started GET "/" for 127.0.0.1 at 2017-06-13 11:06:58 +0200
Processing by ApplicationController#hello as HTML
  Rendering html template
  Rendered html template (0.0ms)
Completed 200 OK in 1ms (Views: 0.6ms | ActiveRecord: 0.0ms)


Started GET "/" for 127.0.0.1 at 2017-06-13 11:10:06 +0200
Processing by ApplicationController#goodbye as HTML
  Rendering html template
  Rendered html template (0.0ms)
Completed 200 OK in 1ms (Views: 0.6ms | ActiveRecord: 0.0ms)


Started GET "/" for 127.0.0.1 at 2017-06-13 11:34:33 +0200
Processing by ApplicationController#goodbye as HTML
  Rendering html template
  Rendered html template (0.0ms)
Completed 200 OK in 1ms (Views: 0.5ms | ActiveRecord: 0.0ms)


Started GET "/" for 127.0.0.1 at 2017-06-19 09:04:06 +0200
Processing by ApplicationController#goodbye as HTML
  Rendering html template
  Rendered html template (0.0ms)
Completed 200 OK in 42ms (Views: 17.0ms | ActiveRecord: 0.0ms)


Started GET "/" for 127.0.0.1 at 2017-06-19 09:51:33 +0200
Started GET "/" for 127.0.0.1 at 2017-06-19 09:51:43 +0200
Processing by ApplicationController#goodbye as HTML
  Rendering html template
  Rendered html template (0.0ms)
Completed 200 OK in 1ms (Views: 0.7ms | ActiveRecord: 0.0ms)


Processing by ApplicationController#goodbye as HTML
  Rendering html template
  Rendered html template (0.0ms)
Completed 200 OK in 1ms (Views: 0.6ms | ActiveRecord: 0.0ms)


Started GET "/" for 127.0.0.1 at 2017-08-08 10:34:40 +0200
Processing by ApplicationController#goodbye as HTML
  Rendering html template
  Rendered html template (0.1ms)
Completed 200 OK in 43ms (Views: 16.6ms | ActiveRecord: 0.0ms)


